# JRE version: OpenJDK Runtime Environment (8.0_76-b03) (build 1.8.0_76-release-b03)
# Java VM: OpenJDK 64-Bit Server VM (25.76-b03 mixed mode windows-amd64 compressed oops)
Heap:
 PSYoungGen      total 146944K, used 110031K [0x00000000eab00000, 0x00000000f5400000, 0x0000000100000000)
  eden space 128512K, 72% used [0x00000000eab00000,0x00000000f05873e0,0x00000000f2880000)
  from space 18432K, 94% used [0x00000000f3d00000,0x00000000f4dec9c8,0x00000000f4f00000)
  to   space 20992K, 0% used [0x00000000f2880000,0x00000000f2880000,0x00000000f3d00000)
 ParOldGen       total 159232K, used 84861K [0x00000000c0000000, 0x00000000c9b80000, 0x00000000eab00000)
  object space 159232K, 53% used [0x00000000c0000000,0x00000000c52df4d0,0x00000000c9b80000)
 Metaspace       used 6545K, capacity 7282K, committed 7552K, reserved 1056768K
  class space    used 599K, capacity 618K, committed 640K, reserved 1048576K
GC Heap History (10 events):
Event: 5.599 GC heap before
{Heap before GC invocations=7 (full 0):
 PSYoungGen      total 146944K, used 144045K [0x00000000eab00000, 0x00000000f5400000, 0x0000000100000000)
  eden space 128512K, 100% used [0x00000000eab00000,0x00000000f2880000,0x00000000f2880000)
  from space 18432K, 84% used [0x00000000f3d00000,0x00000000f4c2b640,0x00000000f4f00000)
  to   space 20992K, 0% used [0x00000000f2880000,0x00000000f2880000,0x00000000f3d00000)
 ParOldGen       total 86016K, used 20109K [0x00000000c0000000, 0x00000000c5400000, 0x00000000eab00000)
  object space 86016K, 23% used [0x00000000c0000000,0x00000000c13a34e0,0x00000000c5400000)
 Metaspace       used 6503K, capacity 7218K, committed 7296K, reserved 1056768K
  class space    used 598K, capacity 618K, committed 640K, reserved 1048576K
Event: 5.662 GC heap after
Heap after GC invocations=7 (full 0):
 PSYoungGen      total 149504K, used 20969K [0x00000000eab00000, 0x00000000f5400000, 0x0000000100000000)
  eden space 128512K, 0% used [0x00000000eab00000,0x00000000eab00000,0x00000000f2880000)
  from space 20992K, 99% used [0x00000000f2880000,0x00000000f3cfa668,0x00000000f3d00000)
  to   space 18432K, 0% used [0x00000000f3d00000,0x00000000f3d00000,0x00000000f4f00000)
 ParOldGen       total 86016K, used 31606K [0x00000000c0000000, 0x00000000c5400000, 0x00000000eab00000)
  object space 86016K, 36% used [0x00000000c0000000,0x00000000c1edda40,0x00000000c5400000)
 Metaspace       used 6503K, capacity 7218K, committed 7296K, reserved 1056768K
  class space    used 598K, capacity 618K, committed 640K, reserved 1048576K
}
Event: 7.731 GC heap before
{Heap before GC invocations=8 (full 0):
 PSYoungGen      total 149504K, used 149481K [0x00000000eab00000, 0x00000000f5400000, 0x0000000100000000)
  eden space 128512K, 100% used [0x00000000eab00000,0x00000000f2880000,0x00000000f2880000)
  from space 20992K, 99% used [0x00000000f2880000,0x00000000f3cfa668,0x00000000f3d00000)
  to   space 18432K, 0% used [0x00000000f3d00000,0x00000000f3d00000,0x00000000f4f00000)
 ParOldGen       total 86016K, used 31606K [0x00000000c0000000, 0x00000000c5400000, 0x00000000eab00000)
  object space 86016K, 36% used [0x00000000c0000000,0x00000000c1edda40,0x00000000c5400000)
 Metaspace       used 6522K, capacity 7218K, committed 7296K, reserved 1056768K
  class space    used 598K, capacity 618K, committed 640K, reserved 1048576K
Event: 7.846 GC heap after
Heap after GC invocations=8 (full 0):
 PSYoungGen      total 146944K, used 18408K [0x00000000eab00000, 0x00000000f5400000, 0x0000000100000000)
  eden space 128512K, 0% used [0x00000000eab00000,0x00000000eab00000,0x00000000f2880000)
  from space 18432K, 99% used [0x00000000f3d00000,0x00000000f4efa1c0,0x00000000f4f00000)
  to   space 20992K, 0% used [0x00000000f2880000,0x00000000f2880000,0x00000000f3d00000)
 ParOldGen       total 86016K, used 52945K [0x00000000c0000000, 0x00000000c5400000, 0x00000000eab00000)
  object space 86016K, 61% used [0x00000000c0000000,0x00000000c33b46a0,0x00000000c5400000)
 Metaspace       used 6522K, capacity 7218K, committed 7296K, reserved 1056768K
  class space    used 598K, capacity 618K, committed 640K, reserved 1048576K
}
Event: 9.068 GC heap before
{Heap before GC invocations=9 (full 0):
 PSYoungGen      total 146944K, used 146920K [0x00000000eab00000, 0x00000000f5400000, 0x0000000100000000)
  eden space 128512K, 100% used [0x00000000eab00000,0x00000000f2880000,0x00000000f2880000)
  from space 18432K, 99% used [0x00000000f3d00000,0x00000000f4efa1c0,0x00000000f4f00000)
  to   space 20992K, 0% used [0x00000000f2880000,0x00000000f2880000,0x00000000f3d00000)
 ParOldGen       total 86016K, used 52945K [0x00000000c0000000, 0x00000000c5400000, 0x00000000eab00000)
  object space 86016K, 61% used [0x00000000c0000000,0x00000000c33b46a0,0x00000000c5400000)
 Metaspace       used 6529K, capacity 7282K, committed 7552K, reserved 1056768K
  class space    used 598K, capacity 618K, committed 640K, reserved 1048576K
Event: 9.139 GC heap after
Heap after GC invocations=9 (full 0):
 PSYoungGen      total 149504K, used 20969K [0x00000000eab00000, 0x00000000f5400000, 0x0000000100000000)
  eden space 128512K, 0% used [0x00000000eab00000,0x00000000eab00000,0x00000000f2880000)
  from space 20992K, 99% used [0x00000000f2880000,0x00000000f3cfa570,0x00000000f3d00000)
  to   space 18432K, 0% used [0x00000000f3d00000,0x00000000f3d00000,0x00000000f4f00000)
 ParOldGen       total 86016K, used 67477K [0x00000000c0000000, 0x00000000c5400000, 0x00000000eab00000)
  object space 86016K, 78% used [0x00000000c0000000,0x00000000c41e5578,0x00000000c5400000)
 Metaspace       used 6529K, capacity 7282K, committed 7552K, reserved 1056768K
  class space    used 598K, capacity 618K, committed 640K, reserved 1048576K
}
Event: 9.139 GC heap before
{Heap before GC invocations=10 (full 1):
 PSYoungGen      total 149504K, used 20969K [0x00000000eab00000, 0x00000000f5400000, 0x0000000100000000)
  eden space 128512K, 0% used [0x00000000eab00000,0x00000000eab00000,0x00000000f2880000)
  from space 20992K, 99% used [0x00000000f2880000,0x00000000f3cfa570,0x00000000f3d00000)
  to   space 18432K, 0% used [0x00000000f3d00000,0x00000000f3d00000,0x00000000f4f00000)
 ParOldGen       total 86016K, used 67477K [0x00000000c0000000, 0x00000000c5400000, 0x00000000eab00000)
  object space 86016K, 78% used [0x00000000c0000000,0x00000000c41e5578,0x00000000c5400000)
 Metaspace       used 6529K, capacity 7282K, committed 7552K, reserved 1056768K
  class space    used 598K, capacity 618K, committed 640K, reserved 1048576K
Event: 10.033 GC heap after
Heap after GC invocations=10 (full 1):
 PSYoungGen      total 149504K, used 0K [0x00000000eab00000, 0x00000000f5400000, 0x0000000100000000)
  eden space 128512K, 0% used [0x00000000eab00000,0x00000000eab00000,0x00000000f2880000)
  from space 20992K, 0% used [0x00000000f2880000,0x00000000f2880000,0x00000000f3d00000)
  to   space 18432K, 0% used [0x00000000f3d00000,0x00000000f3d00000,0x00000000f4f00000)
 ParOldGen       total 159232K, used 84861K [0x00000000c0000000, 0x00000000c9b80000, 0x00000000eab00000)
  object space 159232K, 53% used [0x00000000c0000000,0x00000000c52df4d0,0x00000000c9b80000)
 Metaspace       used 6529K, capacity 7282K, committed 7552K, reserved 1056768K
  class space    used 598K, capacity 618K, committed 640K, reserved 1048576K
}
Event: 10.701 GC heap before
{Heap before GC invocations=11 (full 1):
 PSYoungGen      total 149504K, used 128512K [0x00000000eab00000, 0x00000000f5400000, 0x0000000100000000)
  eden space 128512K, 100% used [0x00000000eab00000,0x00000000f2880000,0x00000000f2880000)
  from space 20992K, 0% used [0x00000000f2880000,0x00000000f2880000,0x00000000f3d00000)
  to   space 18432K, 0% used [0x00000000f3d00000,0x00000000f3d00000,0x00000000f4f00000)
 ParOldGen       total 159232K, used 84861K [0x00000000c0000000, 0x00000000c9b80000, 0x00000000eab00000)
  object space 159232K, 53% used [0x00000000c0000000,0x00000000c52df4d0,0x00000000c9b80000)
 Metaspace       used 6541K, capacity 7282K, committed 7552K, reserved 1056768K
  class space    used 599K, capacity 618K, committed 640K, reserved 1048576K
Event: 10.757 GC heap after
Heap after GC invocations=11 (full 1):
 PSYoungGen      total 146944K, used 17330K [0x00000000eab00000, 0x00000000f5400000, 0x0000000100000000)
  eden space 128512K, 0% used [0x00000000eab00000,0x00000000eab00000,0x00000000f2880000)
  from space 18432K, 94% used [0x00000000f3d00000,0x00000000f4dec9c8,0x00000000f4f00000)
  to   space 20992K, 0% used [0x00000000f2880000,0x00000000f2880000,0x00000000f3d00000)
 ParOldGen       total 159232K, used 84861K [0x00000000c0000000, 0x00000000c9b80000, 0x00000000eab00000)
  object space 159232K, 53% used [0x00000000c0000000,0x00000000c52df4d0,0x00000000c9b80000)
 Metaspace       used 6541K, capacity 7282K, committed 7552K, reserved 1056768K
  class space    used 599K, capacity 618K, committed 640K, reserved 1048576K
}

