# JRE version: OpenJDK Runtime Environment (8.0_76-b03) (build 1.8.0_76-release-b03)
# Java VM: OpenJDK 64-Bit Server VM (25.76-b03 mixed mode windows-amd64 compressed oops)
Heap:
 PSYoungGen      total 251392K, used 79237K [0x00000000eab00000, 0x0000000100000000, 0x0000000100000000)
  eden space 153600K, 51% used [0x00000000eab00000,0x00000000ef861760,0x00000000f4100000)
  from space 97792K, 0% used [0x00000000f4100000,0x00000000f4100000,0x00000000fa080000)
  to   space 94208K, 0% used [0x00000000fa400000,0x00000000fa400000,0x0000000100000000)
 ParOldGen       total 476672K, used 287017K [0x00000000c0000000, 0x00000000dd180000, 0x00000000eab00000)
  object space 476672K, 60% used [0x00000000c0000000,0x00000000d184a598,0x00000000dd180000)
 Metaspace       used 6683K, capacity 7352K, committed 7552K, reserved 1056768K
  class space    used 608K, capacity 624K, committed 640K, reserved 1048576K
GC Heap History (10 events):
Event: 27.425 GC heap before
{Heap before GC invocations=14 (full 2):
 PSYoungGen      total 256000K, used 220775K [0x00000000eab00000, 0x0000000100000000, 0x0000000100000000)
  eden space 219136K, 100% used [0x00000000eab00000,0x00000000f8100000,0x00000000f8100000)
  from space 36864K, 4% used [0x00000000f8100000,0x00000000f8299f50,0x00000000fa500000)
  to   space 65536K, 0% used [0x00000000fc000000,0x00000000fc000000,0x0000000100000000)
 ParOldGen       total 293376K, used 162613K [0x00000000c0000000, 0x00000000d1e80000, 0x00000000eab00000)
  object space 293376K, 55% used [0x00000000c0000000,0x00000000c9ecd558,0x00000000d1e80000)
 Metaspace       used 6558K, capacity 7282K, committed 7552K, reserved 1056768K
  class space    used 601K, capacity 618K, committed 640K, reserved 1048576K
Event: 27.532 GC heap after
Heap after GC invocations=14 (full 2):
 PSYoungGen      total 284160K, used 35171K [0x00000000eab00000, 0x0000000100000000, 0x0000000100000000)
  eden space 218624K, 0% used [0x00000000eab00000,0x00000000eab00000,0x00000000f8080000)
  from space 65536K, 53% used [0x00000000fc000000,0x00000000fe258ea0,0x0000000100000000)
  to   space 65024K, 0% used [0x00000000f8080000,0x00000000f8080000,0x00000000fc000000)
 ParOldGen       total 293376K, used 162621K [0x00000000c0000000, 0x00000000d1e80000, 0x00000000eab00000)
  object space 293376K, 55% used [0x00000000c0000000,0x00000000c9ecf558,0x00000000d1e80000)
 Metaspace       used 6558K, capacity 7282K, committed 7552K, reserved 1056768K
  class space    used 601K, capacity 618K, committed 640K, reserved 1048576K
}
Event: 29.357 GC heap before
{Heap before GC invocations=15 (full 2):
 PSYoungGen      total 284160K, used 253795K [0x00000000eab00000, 0x0000000100000000, 0x0000000100000000)
  eden space 218624K, 100% used [0x00000000eab00000,0x00000000f8080000,0x00000000f8080000)
  from space 65536K, 53% used [0x00000000fc000000,0x00000000fe258ea0,0x0000000100000000)
  to   space 65024K, 0% used [0x00000000f8080000,0x00000000f8080000,0x00000000fc000000)
 ParOldGen       total 293376K, used 162621K [0x00000000c0000000, 0x00000000d1e80000, 0x00000000eab00000)
  object space 293376K, 55% used [0x00000000c0000000,0x00000000c9ecf558,0x00000000d1e80000)
 Metaspace       used 6565K, capacity 7282K, committed 7552K, reserved 1056768K
  class space    used 601K, capacity 618K, committed 640K, reserved 1048576K
Event: 29.509 GC heap after
Heap after GC invocations=15 (full 2):
 PSYoungGen      total 283648K, used 65018K [0x00000000eab00000, 0x0000000100000000, 0x0000000100000000)
  eden space 218624K, 0% used [0x00000000eab00000,0x00000000eab00000,0x00000000f8080000)
  from space 65024K, 99% used [0x00000000f8080000,0x00000000fbffe8f0,0x00000000fc000000)
  to   space 65536K, 0% used [0x00000000fc000000,0x00000000fc000000,0x0000000100000000)
 ParOldGen       total 293376K, used 164253K [0x00000000c0000000, 0x00000000d1e80000, 0x00000000eab00000)
  object space 293376K, 55% used [0x00000000c0000000,0x00000000ca067618,0x00000000d1e80000)
 Metaspace       used 6565K, capacity 7282K, committed 7552K, reserved 1056768K
  class space    used 601K, capacity 618K, committed 640K, reserved 1048576K
}
Event: 30.578 GC heap before
{Heap before GC invocations=16 (full 2):
 PSYoungGen      total 283648K, used 283642K [0x00000000eab00000, 0x0000000100000000, 0x0000000100000000)
  eden space 218624K, 100% used [0x00000000eab00000,0x00000000f8080000,0x00000000f8080000)
  from space 65024K, 99% used [0x00000000f8080000,0x00000000fbffe8f0,0x00000000fc000000)
  to   space 65536K, 0% used [0x00000000fc000000,0x00000000fc000000,0x0000000100000000)
 ParOldGen       total 293376K, used 164253K [0x00000000c0000000, 0x00000000d1e80000, 0x00000000eab00000)
  object space 293376K, 55% used [0x00000000c0000000,0x00000000ca067618,0x00000000d1e80000)
 Metaspace       used 6580K, capacity 7282K, committed 7552K, reserved 1056768K
  class space    used 601K, capacity 618K, committed 640K, reserved 1048576K
Event: 30.764 GC heap after
Heap after GC invocations=16 (full 2):
 PSYoungGen      total 219136K, used 65533K [0x00000000eab00000, 0x0000000100000000, 0x0000000100000000)
  eden space 153600K, 0% used [0x00000000eab00000,0x00000000eab00000,0x00000000f4100000)
  from space 65536K, 99% used [0x00000000fc000000,0x00000000fffff4c8,0x0000000100000000)
  to   space 97792K, 0% used [0x00000000f4100000,0x00000000f4100000,0x00000000fa080000)
 ParOldGen       total 293376K, used 200602K [0x00000000c0000000, 0x00000000d1e80000, 0x00000000eab00000)
  object space 293376K, 68% used [0x00000000c0000000,0x00000000cc3e68d0,0x00000000d1e80000)
 Metaspace       used 6580K, capacity 7282K, committed 7552K, reserved 1056768K
  class space    used 601K, capacity 618K, committed 640K, reserved 1048576K
}
Event: 31.242 GC heap before
{Heap before GC invocations=17 (full 2):
 PSYoungGen      total 219136K, used 219133K [0x00000000eab00000, 0x0000000100000000, 0x0000000100000000)
  eden space 153600K, 100% used [0x00000000eab00000,0x00000000f4100000,0x00000000f4100000)
  from space 65536K, 99% used [0x00000000fc000000,0x00000000fffff4c8,0x0000000100000000)
  to   space 97792K, 0% used [0x00000000f4100000,0x00000000f4100000,0x00000000fa080000)
 ParOldGen       total 293376K, used 200602K [0x00000000c0000000, 0x00000000d1e80000, 0x00000000eab00000)
  object space 293376K, 68% used [0x00000000c0000000,0x00000000cc3e68d0,0x00000000d1e80000)
 Metaspace       used 6581K, capacity 7282K, committed 7552K, reserved 1056768K
  class space    used 601K, capacity 618K, committed 640K, reserved 1048576K
Event: 31.416 GC heap after
Heap after GC invocations=17 (full 2):
 PSYoungGen      total 251392K, used 24800K [0x00000000eab00000, 0x0000000100000000, 0x0000000100000000)
  eden space 153600K, 0% used [0x00000000eab00000,0x00000000eab00000,0x00000000f4100000)
  from space 97792K, 25% used [0x00000000f4100000,0x00000000f5938010,0x00000000fa080000)
  to   space 94208K, 0% used [0x00000000fa400000,0x00000000fa400000,0x0000000100000000)
 ParOldGen       total 293376K, used 266430K [0x00000000c0000000, 0x00000000d1e80000, 0x00000000eab00000)
  object space 293376K, 90% used [0x00000000c0000000,0x00000000d042fb58,0x00000000d1e80000)
 Metaspace       used 6581K, capacity 7282K, committed 7552K, reserved 1056768K
  class space    used 601K, capacity 618K, committed 640K, reserved 1048576K
}
Event: 31.416 GC heap before
{Heap before GC invocations=18 (full 3):
 PSYoungGen      total 251392K, used 24800K [0x00000000eab00000, 0x0000000100000000, 0x0000000100000000)
  eden space 153600K, 0% used [0x00000000eab00000,0x00000000eab00000,0x00000000f4100000)
  from space 97792K, 25% used [0x00000000f4100000,0x00000000f5938010,0x00000000fa080000)
  to   space 94208K, 0% used [0x00000000fa400000,0x00000000fa400000,0x0000000100000000)
 ParOldGen       total 293376K, used 266430K [0x00000000c0000000, 0x00000000d1e80000, 0x00000000eab00000)
  object space 293376K, 90% used [0x00000000c0000000,0x00000000d042fb58,0x00000000d1e80000)
 Metaspace       used 6581K, capacity 7282K, committed 7552K, reserved 1056768K
  class space    used 601K, capacity 618K, committed 640K, reserved 1048576K
Event: 33.359 GC heap after
Heap after GC invocations=18 (full 3):
 PSYoungGen      total 251392K, used 0K [0x00000000eab00000, 0x0000000100000000, 0x0000000100000000)
  eden space 153600K, 0% used [0x00000000eab00000,0x00000000eab00000,0x00000000f4100000)
  from space 97792K, 0% used [0x00000000f4100000,0x00000000f4100000,0x00000000fa080000)
  to   space 94208K, 0% used [0x00000000fa400000,0x00000000fa400000,0x0000000100000000)
 ParOldGen       total 476672K, used 287017K [0x00000000c0000000, 0x00000000dd180000, 0x00000000eab00000)
  object space 476672K, 60% used [0x00000000c0000000,0x00000000d184a598,0x00000000dd180000)
 Metaspace       used 6581K, capacity 7282K, committed 7552K, reserved 1056768K
  class space    used 601K, capacity 618K, committed 640K, reserved 1048576K
}

